app/build/outputs/apk/manifest-merger-debug-report.txt
-- Merging decision tree log ---
manifest
ADDED from AndroidManifest.xml:2:1
	package
		ADDED from AndroidManifest.xml:3:5
		INJECTED from AndroidManifest.xml:0:0
		INJECTED from AndroidManifest.xml:0:0
	android:versionName
		ADDED from AndroidManifest.xml:5:5
		INJECTED from AndroidManifest.xml:0:0
		INJECTED from AndroidManifest.xml:0:0
	android:versionCode
		ADDED from AndroidManifest.xml:4:5
		INJECTED from AndroidManifest.xml:0:0
		INJECTED from AndroidManifest.xml:0:0
	xmlns:android
		ADDED from AndroidManifest.xml:2:11
uses-sdk
ADDED from AndroidManifest.xml:7:5
	android:targetSdkVersion
		ADDED from AndroidManifest.xml:9:9
		INJECTED from AndroidManifest.xml:0:0
		INJECTED from AndroidManifest.xml:0:0
	android:minSdkVersion
		ADDED from AndroidManifest.xml:8:9
		INJECTED from AndroidManifest.xml:0:0
		INJECTED from AndroidManifest.xml:0:0
uses-permission#android.permission.VIBRATE
ADDED from AndroidManifest.xml:11:5
	android:name
		ADDED from AndroidManifest.xml:11:22
uses-permission#android.permission.RECEIVE_BOOT_COMPLETED
ADDED from AndroidManifest.xml:12:5
	android:name
		ADDED from AndroidManifest.xml:12:22
application
ADDED from AndroidManifest.xml:14:5
	android:label
		ADDED from AndroidManifest.xml:17:9
	android:allowBackup
		ADDED from AndroidManifest.xml:15:9
	android:icon
		ADDED from AndroidManifest.xml:16:9
	android:theme
		ADDED from AndroidManifest.xml:18:9
activity#com.leejonghwan.givememyphone.MainActivity
ADDED from AndroidManifest.xml:19:9
	android:label
		ADDED from AndroidManifest.xml:23:13
	android:excludeFromRecents
		ADDED from AndroidManifest.xml:22:13
	android:allowClearUserData
		ADDED from AndroidManifest.xml:21:13
	android:name
		ADDED from AndroidManifest.xml:20:13
intent-filter#android.intent.action.MAIN+android.intent.category.LAUNCHER
ADDED from AndroidManifest.xml:24:13
action#android.intent.action.MAIN
ADDED from AndroidManifest.xml:25:17
	android:name
		ADDED from AndroidManifest.xml:25:25
category#android.intent.category.LAUNCHER
ADDED from AndroidManifest.xml:27:17
	android:name
		ADDED from AndroidManifest.xml:27:27
service#com.leejonghwan.givememyphone.GiveMePhoneService
ADDED from AndroidManifest.xml:31:9
	android:enabled
		ADDED from AndroidManifest.xml:33:13
	android:name
		ADDED from AndroidManifest.xml:32:13
service#com.leejonghwan.givememyphone.ScreenService
ADDED from AndroidManifest.xml:35:9
	android:enabled
		ADDED from AndroidManifest.xml:37:13
	android:name
		ADDED from AndroidManifest.xml:36:13
receiver#com.leejonghwan.givememyphone.BroadCast
ADDED from AndroidManifest.xml:39:9
	android:permission
		ADDED from AndroidManifest.xml:41:13
	android:name
		ADDED from AndroidManifest.xml:40:13
intent-filter#android.intent.action.BOOT_COMPLETED+android.intent.action.SCREEN_OFF+android.intent.action.SCREEN_ON+android.intent.category.DEFAULT
ADDED from AndroidManifest.xml:42:13
action#android.intent.action.BOOT_COMPLETED
ADDED from AndroidManifest.xml:43:17
	android:name
		ADDED from AndroidManifest.xml:43:25
action#android.intent.action.SCREEN_ON
ADDED from AndroidManifest.xml:44:17
	android:name
		ADDED from AndroidManifest.xml:44:25
action#android.intent.action.SCREEN_OFF
ADDED from AndroidManifest.xml:45:17
	android:name
		ADDED from AndroidManifest.xml:45:25
category#android.intent.category.DEFAULT
ADDED from AndroidManifest.xml:47:17
	android:name
		ADDED from AndroidManifest.xml:47:27
receiver#com.leejonghwan.givememyphone.AdminReceiver
ADDED from AndroidManifest.xml:50:9
	android:permission
		ADDED from AndroidManifest.xml:52:13
	android:name
		ADDED from AndroidManifest.xml:51:13
meta-data#android.app.device_admin
ADDED from AndroidManifest.xml:53:13
	android:resource
		ADDED from AndroidManifest.xml:55:17
	android:name
		ADDED from AndroidManifest.xml:54:17
intent-filter#android.app.action.DEVICE_ADMIN_ENABLED
ADDED from AndroidManifest.xml:57:13
action#android.app.action.DEVICE_ADMIN_ENABLED
ADDED from AndroidManifest.xml:58:17
	android:name
		ADDED from AndroidManifest.xml:58:25
activity#com.leejonghwan.givememyphone.Welcome
ADDED from AndroidManifest.xml:62:9
	android:name
		ADDED from AndroidManifest.xml:62:19
activity#com.leejonghwan.givememyphone.PassWord
ADDED from AndroidManifest.xml:63:9
	android:name
		ADDED from AndroidManifest.xml:63:19
activity#com.leejonghwan.givememyphone.SettingActivity
ADDED from AndroidManifest.xml:64:9
	android:name
		ADDED from AndroidManifest.xml:64:19